<?xml version="1.0" encoding="UTF-8"?>
<coverage generated="1731868292331" clover="3.2.0">
  <project timestamp="1731868292331" name="All files">
    <metrics statements="19" coveredstatements="19" conditionals="7" coveredconditionals="7" methods="8" coveredmethods="8" elements="34" coveredelements="34" complexity="0" loc="19" ncloc="19" packages="1" files="2" classes="2"/>
    <file name="interest.ts" path="C:\Solution\interest.ts">
      <metrics statements="5" coveredstatements="5" conditionals="4" coveredconditionals="4" methods="1" coveredmethods="1"/>
      <line num="1" count="1" type="stmt"/>
      <line num="2" count="8" type="cond" truecount="4" falsecount="0"/>
      <line num="4" count="4" type="stmt"/>
      <line num="8" count="4" type="stmt"/>
      <line num="10" count="4" type="stmt"/>
    </file>
    <file name="ordermgmt.ts" path="C:\Solution\ordermgmt.ts">
      <metrics statements="14" coveredstatements="14" conditionals="3" coveredconditionals="3" methods="7" coveredmethods="7"/>
      <line num="1" count="1" type="stmt"/>
      <line num="2" count="9" type="stmt"/>
      <line num="3" count="9" type="stmt"/>
      <line num="6" count="16" type="cond" truecount="1" falsecount="0"/>
      <line num="7" count="1" type="stmt"/>
      <line num="9" count="15" type="stmt"/>
      <line num="13" count="4" type="cond" truecount="1" falsecount="0"/>
      <line num="14" count="1" type="stmt"/>
      <line num="16" count="6" type="stmt"/>
      <line num="20" count="4" type="cond" truecount="1" falsecount="0"/>
      <line num="21" count="1" type="stmt"/>
      <line num="23" count="3" type="stmt"/>
      <line num="27" count="7" type="stmt"/>
      <line num="31" count="1" type="stmt"/>
    </file>
  </project>
</coverage>
