TN:
SF:interest.ts
FN:1,calculateInterest
FNF:1
FNH:1
FNDA:8,calculateInterest
DA:1,1
DA:2,8
DA:4,4
DA:8,4
DA:10,4
LF:5
LH:5
BRDA:2,0,0,4
BRDA:2,0,1,4
BRDA:2,1,0,8
BRDA:2,1,1,6
BRF:4
BRH:4
end_of_record
TN:
SF:ordermgmt.ts
FN:1,(anonymous_0)
FN:5,(anonymous_1)
FN:12,(anonymous_2)
FN:16,(anonymous_3)
FN:19,(anonymous_4)
FN:26,(anonymous_5)
FN:30,(anonymous_6)
FNF:7
FNH:7
FNDA:9,(anonymous_0)
FNDA:16,(anonymous_1)
FNDA:4,(anonymous_2)
FNDA:6,(anonymous_3)
FNDA:4,(anonymous_4)
FNDA:7,(anonymous_5)
FNDA:1,(anonymous_6)
DA:1,1
DA:2,9
DA:3,9
DA:6,16
DA:7,1
DA:9,15
DA:13,4
DA:14,1
DA:16,6
DA:20,4
DA:21,1
DA:23,3
DA:27,7
DA:31,1
LF:14
LH:14
BRDA:6,0,0,1
BRDA:13,1,0,1
BRDA:20,2,0,1
BRF:3
BRH:3
end_of_record
